2023/04/09 15:11:53 [warn] 1#1: conflicting server name "localhost" on [::]:80, ignored
2023/04/09 15:11:53 [notice] 1#1: using the "epoll" event method
2023/04/09 15:11:53 [notice] 1#1: nginx/1.23.4
2023/04/09 15:11:53 [notice] 1#1: built by gcc 10.2.1 20210110 (Debian 10.2.1-6) 
2023/04/09 15:11:53 [notice] 1#1: OS: Linux 5.10.0-21-amd64
2023/04/09 15:11:53 [notice] 1#1: getrlimit(RLIMIT_NOFILE): 1048576:1048576
2023/04/09 15:11:53 [notice] 1#1: start worker processes
2023/04/09 15:11:53 [notice] 1#1: start worker process 23
2023/04/09 15:11:53 [notice] 1#1: start worker process 24
2023/04/09 15:11:53 [notice] 1#1: start worker process 25
2023/04/09 15:11:53 [notice] 1#1: start worker process 26
2023/04/09 15:17:19 [notice] 1#1: signal 3 (SIGQUIT) received, shutting down
2023/04/09 15:17:19 [notice] 23#23: gracefully shutting down
2023/04/09 15:17:19 [notice] 24#24: gracefully shutting down
2023/04/09 15:17:19 [notice] 26#26: gracefully shutting down
2023/04/09 15:17:19 [notice] 23#23: exiting
2023/04/09 15:17:19 [notice] 24#24: exiting
2023/04/09 15:17:19 [notice] 26#26: exiting
2023/04/09 15:17:19 [notice] 26#26: exit
2023/04/09 15:17:19 [notice] 23#23: exit
2023/04/09 15:17:19 [notice] 24#24: exit
2023/04/09 15:17:19 [notice] 25#25: gracefully shutting down
2023/04/09 15:17:19 [notice] 25#25: exiting
2023/04/09 15:17:19 [notice] 25#25: exit
2023/04/09 15:17:19 [notice] 1#1: signal 17 (SIGCHLD) received from 26
2023/04/09 15:17:19 [notice] 1#1: worker process 24 exited with code 0
2023/04/09 15:17:19 [notice] 1#1: worker process 26 exited with code 0
2023/04/09 15:17:19 [notice] 1#1: signal 29 (SIGIO) received
2023/04/09 15:17:19 [notice] 1#1: signal 17 (SIGCHLD) received from 23
2023/04/09 15:17:19 [notice] 1#1: worker process 23 exited with code 0
2023/04/09 15:17:19 [notice] 1#1: signal 29 (SIGIO) received
2023/04/09 15:17:19 [notice] 1#1: signal 17 (SIGCHLD) received from 25
2023/04/09 15:17:19 [notice] 1#1: worker process 25 exited with code 0
2023/04/09 15:17:19 [notice] 1#1: exit
2023/04/09 15:18:20 [notice] 1#1: using the "epoll" event method
2023/04/09 15:18:20 [notice] 1#1: nginx/1.23.4
2023/04/09 15:18:20 [notice] 1#1: built by gcc 10.2.1 20210110 (Debian 10.2.1-6) 
2023/04/09 15:18:20 [notice] 1#1: OS: Linux 5.10.0-21-amd64
2023/04/09 15:18:20 [notice] 1#1: getrlimit(RLIMIT_NOFILE): 1048576:1048576
2023/04/09 15:18:20 [notice] 1#1: start worker processes
2023/04/09 15:18:20 [notice] 1#1: start worker process 20
2023/04/09 15:18:20 [notice] 1#1: start worker process 21
2023/04/09 15:18:20 [notice] 1#1: start worker process 22
2023/04/09 15:18:20 [notice] 1#1: start worker process 23
2023/04/09 15:23:47 [notice] 1#1: using the "epoll" event method
2023/04/09 15:23:47 [notice] 1#1: nginx/1.23.4
2023/04/09 15:23:47 [notice] 1#1: built by gcc 10.2.1 20210110 (Debian 10.2.1-6) 
2023/04/09 15:23:47 [notice] 1#1: OS: Linux 5.10.0-21-amd64
2023/04/09 15:23:47 [notice] 1#1: getrlimit(RLIMIT_NOFILE): 1048576:1048576
2023/04/09 15:23:47 [notice] 1#1: start worker processes
2023/04/09 15:23:47 [notice] 1#1: start worker process 20
2023/04/09 15:23:47 [notice] 1#1: start worker process 21
2023/04/09 15:23:47 [notice] 1#1: start worker process 22
2023/04/09 15:23:47 [notice] 1#1: start worker process 23
2023/04/09 15:26:28 [notice] 1#1: signal 3 (SIGQUIT) received, shutting down
2023/04/09 15:26:28 [notice] 20#20: gracefully shutting down
2023/04/09 15:26:28 [notice] 21#21: gracefully shutting down
2023/04/09 15:26:28 [notice] 20#20: exiting
2023/04/09 15:26:28 [notice] 21#21: exiting
2023/04/09 15:26:28 [notice] 20#20: exit
2023/04/09 15:26:28 [notice] 21#21: exit
2023/04/09 15:26:28 [notice] 22#22: gracefully shutting down
2023/04/09 15:26:28 [notice] 22#22: exiting
2023/04/09 15:26:28 [notice] 23#23: gracefully shutting down
2023/04/09 15:26:28 [notice] 22#22: exit
2023/04/09 15:26:28 [notice] 23#23: exiting
2023/04/09 15:26:28 [notice] 23#23: exit
2023/04/09 15:26:28 [notice] 1#1: signal 17 (SIGCHLD) received from 20
2023/04/09 15:26:28 [notice] 1#1: worker process 20 exited with code 0
2023/04/09 15:26:28 [notice] 1#1: signal 29 (SIGIO) received
2023/04/09 15:26:28 [notice] 1#1: signal 17 (SIGCHLD) received from 23
2023/04/09 15:26:28 [notice] 1#1: worker process 23 exited with code 0
2023/04/09 15:26:28 [notice] 1#1: signal 29 (SIGIO) received
2023/04/09 15:26:28 [notice] 1#1: signal 17 (SIGCHLD) received from 22
2023/04/09 15:26:28 [notice] 1#1: worker process 21 exited with code 0
2023/04/09 15:26:28 [notice] 1#1: worker process 22 exited with code 0
2023/04/09 15:26:28 [notice] 1#1: exit
2023/04/09 15:26:52 [warn] 1#1: conflicting server name "localhost" on [::]:80, ignored
2023/04/09 15:26:52 [notice] 1#1: using the "epoll" event method
2023/04/09 15:26:52 [notice] 1#1: nginx/1.23.4
2023/04/09 15:26:52 [notice] 1#1: built by gcc 10.2.1 20210110 (Debian 10.2.1-6) 
2023/04/09 15:26:52 [notice] 1#1: OS: Linux 5.10.0-21-amd64
2023/04/09 15:26:52 [notice] 1#1: getrlimit(RLIMIT_NOFILE): 1048576:1048576
2023/04/09 15:26:52 [notice] 1#1: start worker processes
2023/04/09 15:26:52 [notice] 1#1: start worker process 22
2023/04/09 15:26:52 [notice] 1#1: start worker process 23
2023/04/09 15:26:52 [notice] 1#1: start worker process 24
2023/04/09 15:26:52 [notice] 1#1: start worker process 25
